<?xml version="1.0" encoding="UTF-8"?>
<testsuite name="com.mysite.sbb.SbbApplicationTests" tests="1" skipped="0" failures="0" errors="0" timestamp="2025-11-14T10:19:50.353Z" hostname="MYPC" time="0.755">
  <properties/>
  <testcase name="testJpa()" classname="com.mysite.sbb.SbbApplicationTests" time="0.755"/>
  <system-out><![CDATA[19:19:42.866 [Test worker] INFO org.springframework.test.context.support.AnnotationConfigContextLoaderUtils -- Could not detect default configuration classes for test class [com.mysite.sbb.SbbApplicationTests]: SbbApplicationTests does not declare any static, non-private, non-final, nested classes annotated with @Configuration.
19:19:43.055 [Test worker] INFO org.springframework.boot.test.context.SpringBootTestContextBootstrapper -- Found @SpringBootConfiguration com.mysite.sbb.week09Application for test class com.mysite.sbb.SbbApplicationTests

  .   ____          _            __ _ _
 /\\ / ___'_ __ _ _(_)_ __  __ _ \ \ \ \
( ( )\___ | '_ | '_| | '_ \/ _` | \ \ \ \
 \\/  ___)| |_)| | | | | || (_| |  ) ) ) )
  '  |____| .__|_| |_|_| |_\__, | / / / /
 =========|_|==============|___/=/_/_/_/

 :: Spring Boot ::                (v3.5.4)

2025-11-14T19:19:43.630+09:00  INFO 11144 --- [week09] [    Test worker] com.mysite.sbb.SbbApplicationTests       : Starting SbbApplicationTests using Java 17.0.15 with PID 11144 (started by diffi in C:\Users\diffi\eclipse-workspace\2024042100)
2025-11-14T19:19:43.631+09:00  INFO 11144 --- [week09] [    Test worker] com.mysite.sbb.SbbApplicationTests       : No active profile set, falling back to 1 default profile: "default"
2025-11-14T19:19:44.670+09:00  INFO 11144 --- [week09] [    Test worker] .s.d.r.c.RepositoryConfigurationDelegate : Bootstrapping Spring Data JPA repositories in DEFAULT mode.
2025-11-14T19:19:44.786+09:00  INFO 11144 --- [week09] [    Test worker] .s.d.r.c.RepositoryConfigurationDelegate : Finished Spring Data repository scanning in 100 ms. Found 2 JPA repository interfaces.
2025-11-14T19:19:45.725+09:00  INFO 11144 --- [week09] [    Test worker] o.hibernate.jpa.internal.util.LogHelper  : HHH000204: Processing PersistenceUnitInfo [name: default]
2025-11-14T19:19:45.842+09:00  INFO 11144 --- [week09] [    Test worker] org.hibernate.Version                    : HHH000412: Hibernate ORM core version 6.6.22.Final
2025-11-14T19:19:45.886+09:00  INFO 11144 --- [week09] [    Test worker] o.h.c.internal.RegionFactoryInitiator    : HHH000026: Second-level cache disabled
2025-11-14T19:19:46.401+09:00  INFO 11144 --- [week09] [    Test worker] o.s.o.j.p.SpringPersistenceUnitInfo      : No LoadTimeWeaver setup: ignoring JPA class transformer
2025-11-14T19:19:46.454+09:00  INFO 11144 --- [week09] [    Test worker] com.zaxxer.hikari.HikariDataSource       : HikariPool-1 - Starting...
2025-11-14T19:19:46.788+09:00  INFO 11144 --- [week09] [    Test worker] com.zaxxer.hikari.pool.HikariPool        : HikariPool-1 - Added connection conn0: url=jdbc:h2:~/local user=SA
2025-11-14T19:19:46.791+09:00  INFO 11144 --- [week09] [    Test worker] com.zaxxer.hikari.HikariDataSource       : HikariPool-1 - Start completed.
2025-11-14T19:19:46.819+09:00  WARN 11144 --- [week09] [    Test worker] org.hibernate.orm.deprecation            : HHH90000025: H2Dialect does not need to be specified explicitly using 'hibernate.dialect' (remove the property setting and it will be selected by default)
2025-11-14T19:19:46.846+09:00  INFO 11144 --- [week09] [    Test worker] org.hibernate.orm.connections.pooling    : HHH10001005: Database info:
	Database JDBC URL [Connecting through datasource 'HikariDataSource (HikariPool-1)']
	Database driver: undefined/unknown
	Database version: 2.3.232
	Autocommit mode: undefined/unknown
	Isolation level: undefined/unknown
	Minimum pool size: undefined/unknown
	Maximum pool size: undefined/unknown
2025-11-14T19:19:48.019+09:00  INFO 11144 --- [week09] [    Test worker] o.h.e.t.j.p.i.JtaPlatformInitiator       : HHH000489: No JTA platform available (set 'hibernate.transaction.jta.platform' to enable JTA platform integration)
2025-11-14T19:19:48.106+09:00  INFO 11144 --- [week09] [    Test worker] j.LocalContainerEntityManagerFactoryBean : Initialized JPA EntityManagerFactory for persistence unit 'default'
2025-11-14T19:19:49.244+09:00  WARN 11144 --- [week09] [    Test worker] JpaBaseConfiguration$JpaWebConfiguration : spring.jpa.open-in-view is enabled by default. Therefore, database queries may be performed during view rendering. Explicitly configure spring.jpa.open-in-view to disable this warning
2025-11-14T19:19:50.058+09:00  INFO 11144 --- [week09] [    Test worker] o.s.b.a.h2.H2ConsoleAutoConfiguration    : H2 console available at '/h2-console'. Database available at 'jdbc:h2:~/local'
2025-11-14T19:19:50.308+09:00  INFO 11144 --- [week09] [    Test worker] com.mysite.sbb.SbbApplicationTests       : Started SbbApplicationTests in 7.07 seconds (process running for 8.54)
2025-11-14T19:19:51.024+09:00 DEBUG 11144 --- [week09] [    Test worker] org.hibernate.SQL                        : 
    select
        q1_0.id,
        q1_0.content,
        q1_0.create_date,
        q1_0.subject 
    from
        question q1_0 
    where
        q1_0.subject=?
Hibernate: 
    select
        q1_0.id,
        q1_0.content,
        q1_0.create_date,
        q1_0.subject 
    from
        question q1_0 
    where
        q1_0.subject=?
]]></system-out>
  <system-err><![CDATA[]]></system-err>
</testsuite>
